<?xml version="1.0" encoding="UTF-8"?>
<testng-results skipped="0" failed="0" total="6" passed="6">
  <reporter-output>
  </reporter-output>
  <suite name="Default suite" duration-ms="90116" started-at="2020-08-22T07:20:35Z" finished-at="2020-08-22T07:22:05Z">
    <groups>
    </groups>
    <test name="Default test" duration-ms="90116" started-at="2020-08-22T07:20:35Z" finished-at="2020-08-22T07:22:05Z">
      <class name="Rakib_LICT_Final_Project.AppTest">
        <test-method status="PASS" signature="before()[pri:0, instance:Rakib_LICT_Final_Project.AppTest@18be83e4]" name="before" is-config="true" duration-ms="7123" started-at="2020-08-22T13:20:35Z" finished-at="2020-08-22T13:20:42Z">
          <reporter-output>
          </reporter-output>
        </test-method> <!-- before -->
        <test-method status="PASS" signature="varify_registration_working_for_all_possetive_value()[pri:1, instance:Rakib_LICT_Final_Project.AppTest@18be83e4]" name="varify_registration_working_for_all_possetive_value" duration-ms="28815" started-at="2020-08-22T13:20:42Z" finished-at="2020-08-22T13:21:11Z">
          <reporter-output>
          </reporter-output>
        </test-method> <!-- varify_registration_working_for_all_possetive_value -->
        <test-method status="PASS" signature="varify_login_working_for_all_possetive_value()[pri:2, instance:Rakib_LICT_Final_Project.AppTest@18be83e4]" name="varify_login_working_for_all_possetive_value" duration-ms="10331" started-at="2020-08-22T13:21:11Z" finished-at="2020-08-22T13:21:21Z">
          <reporter-output>
          </reporter-output>
        </test-method> <!-- varify_login_working_for_all_possetive_value -->
        <test-method status="PASS" signature="varify_subscription_working_for_all_possetive_value()[pri:3, instance:Rakib_LICT_Final_Project.AppTest@18be83e4]" name="varify_subscription_working_for_all_possetive_value" duration-ms="5997" started-at="2020-08-22T13:21:21Z" finished-at="2020-08-22T13:21:27Z">
          <reporter-output>
          </reporter-output>
        </test-method> <!-- varify_subscription_working_for_all_possetive_value -->
        <test-method status="PASS" signature="varify_option_working_or_available_in_the_homepage()[pri:4, instance:Rakib_LICT_Final_Project.AppTest@18be83e4]" name="varify_option_working_or_available_in_the_homepage" duration-ms="3644" started-at="2020-08-22T13:21:27Z" finished-at="2020-08-22T13:21:31Z">
          <reporter-output>
          </reporter-output>
        </test-method> <!-- varify_option_working_or_available_in_the_homepage -->
        <test-method status="PASS" signature="varify_produc_purchase_by_searching_from_the_search_option()[pri:5, instance:Rakib_LICT_Final_Project.AppTest@18be83e4]" name="varify_produc_purchase_by_searching_from_the_search_option" duration-ms="25363" started-at="2020-08-22T13:21:31Z" finished-at="2020-08-22T13:21:56Z">
          <reporter-output>
          </reporter-output>
        </test-method> <!-- varify_produc_purchase_by_searching_from_the_search_option -->
        <test-method status="PASS" signature="varify_produc_can_add_to_cart_from_the_homepage()[pri:6, instance:Rakib_LICT_Final_Project.AppTest@18be83e4]" name="varify_produc_can_add_to_cart_from_the_homepage" duration-ms="4516" started-at="2020-08-22T13:21:56Z" finished-at="2020-08-22T13:22:01Z">
          <reporter-output>
          </reporter-output>
        </test-method> <!-- varify_produc_can_add_to_cart_from_the_homepage -->
        <test-method status="PASS" signature="after()[pri:0, instance:Rakib_LICT_Final_Project.AppTest@18be83e4]" name="after" is-config="true" duration-ms="4240" started-at="2020-08-22T13:22:01Z" finished-at="2020-08-22T13:22:05Z">
          <reporter-output>
          </reporter-output>
        </test-method> <!-- after -->
      </class> <!-- Rakib_LICT_Final_Project.AppTest -->
    </test> <!-- Default test -->
  </suite> <!-- Default suite -->
</testng-results>
